[duruthemes.com/demo/html/florya/light/gallery.html]
[backblue.gif]
[fade.gif]
[index.html]
[duruthemes.com/demo/html/florya/light/img/favicon.png]
[duruthemes.com/demo/html/florya/light/css/plugins.css]
[duruthemes.com/demo/html/florya/light/css/style.css]
[duruthemes.com/demo/html/florya/light/index.html]
[duruthemes.com/demo/html/florya/light/img/logo.png]
[duruthemes.com/demo/html/florya/light/index2.html]
[duruthemes.com/demo/html/florya/light/index3.html]
[duruthemes.com/demo/html/florya/light/index4.html]
[duruthemes.com/demo/html/florya/light/onepage.html]
[duruthemes.com/demo/html/florya/light/about.html]
[duruthemes.com/demo/html/florya/light/services.html]
[duruthemes.com/demo/html/florya/light/portfolio-grid.html]
[duruthemes.com/demo/html/florya/light/portfolio-masonry.html]
[duruthemes.com/demo/html/florya/light/blog-2-column.html]
[duruthemes.com/demo/html/florya/light/blog-right-sidebar.html]
[duruthemes.com/demo/html/florya/light/blog-left-sidebar.html]
[duruthemes.com/demo/html/florya/light/services-page.html]
[duruthemes.com/demo/html/florya/light/portfolio-page.html]
[duruthemes.com/demo/html/florya/light/post.html]
[duruthemes.com/demo/html/florya/light/coming-soon.html]
[duruthemes.com/demo/html/florya/light/404.html]
[duruthemes.com/demo/html/florya/light/contact.html]
[duruthemes.com/demo/html/florya/light/img/banner.jpg]
[duruthemes.com/demo/html/florya/light/img/slider/1.jpg]
[duruthemes.com/demo/html/florya/light/img/couple/5.jpg]
[duruthemes.com/demo/html/florya/light/img/slider/2.jpg]
[duruthemes.com/demo/html/florya/light/img/slider/3.jpg]
[duruthemes.com/demo/html/florya/light/img/couple/4.jpg]
[duruthemes.com/demo/html/florya/light/img/slider/4.jpg]
[duruthemes.com/demo/html/florya/light/img/couple/3.jpg]
[duruthemes.com/demo/html/florya/light/img/slider/5.jpg]
[duruthemes.com/demo/html/florya/light/img/slider/6.jpg]
[duruthemes.com/demo/html/florya/light/img/slider/15.jpg]
[duruthemes.com/demo/html/florya/light/img/slider/18.jpg]
[duruthemes.com/demo/html/florya/light/img/slider/12.jpg]
[duruthemes.com/demo/html/florya/light/img/slider/13.jpg]
[duruthemes.com/demo/html/florya/light/img/slider/14.jpg]
[duruthemes.com/demo/html/florya/light/img/signup.jpg]
[duruthemes.com/demo/html/florya/light/img/clients/1.png]
[duruthemes.com/demo/html/florya/light/img/clients/2.png]
[duruthemes.com/demo/html/florya/light/img/clients/3.png]
[duruthemes.com/demo/html/florya/light/img/clients/4.png]
[duruthemes.com/demo/html/florya/light/img/clients/5.png]
[duruthemes.com/demo/html/florya/light/img/clients/6.png]
[duruthemes.com/demo/html/florya/light/js/jquery-3.6.3.min.js]
[duruthemes.com/demo/html/florya/light/js/jquery-migrate-3.0.0.min.js]
[duruthemes.com/demo/html/florya/light/js/modernizr-2.6.2.min.js]
[duruthemes.com/demo/html/florya/light/js/imagesloaded.pkgd.min.js]
[duruthemes.com/demo/html/florya/light/js/jquery.isotope.v3.0.2.js]
[duruthemes.com/demo/html/florya/light/js/pace.js]
[duruthemes.com/demo/html/florya/light/js/popper.min.js]
[duruthemes.com/demo/html/florya/light/js/bootstrap.min.js]
[duruthemes.com/demo/html/florya/light/js/scrollIt.min.js]
[duruthemes.com/demo/html/florya/light/js/jquery.waypoints.min.js]
[duruthemes.com/demo/html/florya/light/js/owl.carousel.min.js]
[duruthemes.com/demo/html/florya/light/js/jquery.stellar.min.js]
[duruthemes.com/demo/html/florya/light/js/jquery.magnific-popup.js]
[duruthemes.com/demo/html/florya/light/js/YouTubePopUp.js]
[duruthemes.com/demo/html/florya/light/js/smooth-scroll.min.js]
[duruthemes.com/demo/html/florya/light/gallery.html]
[duruthemes.com/demo/html/florya/light/js/custom.js]
[duruthemes.com/demo/html/florya/light/css/plugins/bootstrap.min.css]
[duruthemes.com/demo/html/florya/light/css/plugins/owl.carousel.min.css]
[duruthemes.com/demo/html/florya/light/css/plugins/owl.theme.default.min.css]
[duruthemes.com/demo/html/florya/light/css/plugins/animate.min.css]
[duruthemes.com/demo/html/florya/light/css/plugins/themify-icons.css]
[duruthemes.com/demo/html/florya/light/css/plugins/magnific-popup.css]
[duruthemes.com/demo/html/florya/light/css/plugins/YouTubePopUp.css]
[duruthemes.com/demo/html/florya/light/css/plugins/vegas.slider.min.css]
[duruthemes.com/demo/html/florya/light/css/plugins.css]
[duruthemes.com/demo/html/florya/light/img/dots.png]
[duruthemes.com/demo/html/florya/light/img/slider/17.jpg]
[duruthemes.com/demo/html/florya/light/css/style.css]
[duruthemes.com/demo/html/florya/light/img/services/1.jpg]
[duruthemes.com/demo/html/florya/light/img/services/5.jpg]
[duruthemes.com/demo/html/florya/light/img/services/6.jpg]
[duruthemes.com/demo/html/florya/light/img/services/2.jpg]
[duruthemes.com/demo/html/florya/light/img/services/3.jpg]
[duruthemes.com/demo/html/florya/light/img/services/4.jpg]
[duruthemes.com/demo/html/florya/light/img/signature-dark.svg]
[duruthemes.com/demo/html/florya/light/img/about.jpg]
[duruthemes.com/demo/html/florya/light/img/couple/2.jpg]
[duruthemes.com/demo/html/florya/light/img/couple/1.jpg]
[duruthemes.com/demo/html/florya/light/img/couple/6.jpg]
[duruthemes.com/demo/html/florya/light/img/pricing/01.jpg]
[duruthemes.com/demo/html/florya/light/img/pricing/02.jpg]
[duruthemes.com/demo/html/florya/light/img/pricing/03.jpg]
[duruthemes.com/demo/html/florya/light/img/slider/10.jpg]
[duruthemes.com/demo/html/florya/light/img/slider/19.jpg]
[duruthemes.com/demo/html/florya/light/index.html]
[duruthemes.com/demo/html/florya/light/index2.html]
[duruthemes.com/demo/html/florya/light/index3.html]
[duruthemes.com/demo/html/florya/light/index4.html]
[duruthemes.com/demo/html/florya/light/onepage.html]
[duruthemes.com/demo/html/florya/light/js/vegas.slider.min.js]
[duruthemes.com/demo/html/florya/light/img/about2.jpg]
[duruthemes.com/demo/html/florya/light/img/team/team1.jpg]
[duruthemes.com/demo/html/florya/light/img/team/team2.jpg]
[duruthemes.com/demo/html/florya/light/about.html]
[duruthemes.com/demo/html/florya/light/services.html]
[duruthemes.com/demo/html/florya/light/portfolio-grid.html]
[duruthemes.com/demo/html/florya/light/portfolio-masonry.html]
[duruthemes.com/demo/html/florya/light/blog-2-column.html]
[duruthemes.com/demo/html/florya/light/blog-right-sidebar.html]
[duruthemes.com/demo/html/florya/light/blog-left-sidebar.html]
[duruthemes.com/demo/html/florya/light/services-page.html]
[duruthemes.com/demo/html/florya/light/img/slider/20.jpg]
[duruthemes.com/demo/html/florya/light/img/slider/7.jpg]
[duruthemes.com/demo/html/florya/light/img/slider/8.jpg]
[duruthemes.com/demo/html/florya/light/portfolio-page.html]
[duruthemes.com/demo/html/florya/light/img/team/1.jpg]
[duruthemes.com/demo/html/florya/light/post.html]
[duruthemes.com/demo/html/florya/light/coming-soon.html]
[duruthemes.com/demo/html/florya/light/404.html]
[duruthemes.com/demo/html/florya/light/contact.html]
[duruthemes.com/demo/html/florya/light/portfolio.html]
[duruthemes.com/demo/html/florya/light/blog.html]
[duruthemes.com/demo/html/florya/light/css/plugins/bootstrap.min.css]
[duruthemes.com/demo/html/florya/light/css/plugins/owl.carousel.min.css]
[duruthemes.com/demo/html/florya/light/css/plugins/owl.theme.default.min.css]
[duruthemes.com/demo/html/florya/light/css/plugins/animate.min.css]
[duruthemes.com/demo/html/florya/light/fonts/themify.eot]
[duruthemes.com/demo/html/florya/light/fonts/themifyd41d.eot]
[duruthemes.com/demo/html/florya/light/fonts/themify.woff]
[duruthemes.com/demo/html/florya/light/fonts/themify.ttf]
[duruthemes.com/demo/html/florya/light/css/plugins/themify-icons.css]
[duruthemes.com/demo/html/florya/light/css/plugins/magnific-popup.css]
[duruthemes.com/demo/html/florya/light/css/plugins/close.png]
[duruthemes.com/demo/html/florya/light/css/plugins/YouTubePopUp.css]
[duruthemes.com/demo/html/florya/light/css/plugins/vegas.slider.min.css]
[duruthemes.com/demo/html/florya/light/img/signature-dark.svg]
[duruthemes.com/demo/html/florya/light/blog2.html]
[duruthemes.com/demo/html/florya/light/news.html]
[duruthemes.com/demo/html/florya/light/css/plugins/owl.video.play.html]
[duruthemes.com/demo/html/florya/light/fonts/themify.svg]
[duruthemes.com/demo/html/florya/light/fonts/themify.svg]
